Determining if the pthread_create exist failed with the following output:
Change Dir: /home/stud2020/0bardel/TDD/build/CMakeFiles/CMakeTmp

Run Build Command:"/usr/bin/make" "cmTC_2baed/fast"
/usr/bin/make -f CMakeFiles/cmTC_2baed.dir/build.make CMakeFiles/cmTC_2baed.dir/build
make[1]: Entering directory '/home/stud2020/0bardel/TDD/build/CMakeFiles/CMakeTmp'
Building C object CMakeFiles/cmTC_2baed.dir/CheckSymbolExists.c.o
/usr/bin/cc    -o CMakeFiles/cmTC_2baed.dir/CheckSymbolExists.c.o   -c /home/stud2020/0bardel/TDD/build/CMakeFiles/CMakeTmp/CheckSymbolExists.c
Linking C executable cmTC_2baed
/usr/bin/cmake -E cmake_link_script CMakeFiles/cmTC_2baed.dir/link.txt --verbose=1
/usr/bin/cc      -rdynamic CMakeFiles/cmTC_2baed.dir/CheckSymbolExists.c.o  -o cmTC_2baed 
/usr/bin/ld: CMakeFiles/cmTC_2baed.dir/CheckSymbolExists.c.o: in function `main':
CheckSymbolExists.c:(.text+0x1b): undefined reference to `pthread_create'
collect2: error: ld returned 1 exit status
make[1]: *** [CMakeFiles/cmTC_2baed.dir/build.make:87: cmTC_2baed] Error 1
make[1]: Leaving directory '/home/stud2020/0bardel/TDD/build/CMakeFiles/CMakeTmp'
make: *** [Makefile:121: cmTC_2baed/fast] Error 2

File /home/stud2020/0bardel/TDD/build/CMakeFiles/CMakeTmp/CheckSymbolExists.c:
/* */
#include <pthread.h>

int main(int argc, char** argv)
{
  (void)argv;
#ifndef pthread_create
  return ((int*)(&pthread_create))[argc];
#else
  (void)argc;
  return 0;
#endif
}

Determining if the function pthread_create exists in the pthreads failed with the following output:
Change Dir: /home/stud2020/0bardel/TDD/build/CMakeFiles/CMakeTmp

Run Build Command:"/usr/bin/make" "cmTC_cf469/fast"
/usr/bin/make -f CMakeFiles/cmTC_cf469.dir/build.make CMakeFiles/cmTC_cf469.dir/build
make[1]: Entering directory '/home/stud2020/0bardel/TDD/build/CMakeFiles/CMakeTmp'
Building C object CMakeFiles/cmTC_cf469.dir/CheckFunctionExists.c.o
/usr/bin/cc   -DCHECK_FUNCTION_EXISTS=pthread_create   -o CMakeFiles/cmTC_cf469.dir/CheckFunctionExists.c.o   -c /usr/share/cmake-3.13/Modules/CheckFunctionExists.c
Linking C executable cmTC_cf469
/usr/bin/cmake -E cmake_link_script CMakeFiles/cmTC_cf469.dir/link.txt --verbose=1
/usr/bin/cc  -DCHECK_FUNCTION_EXISTS=pthread_create    -rdynamic CMakeFiles/cmTC_cf469.dir/CheckFunctionExists.c.o  -o cmTC_cf469 -lpthreads 
/usr/bin/ld: cannot find -lpthreads
collect2: error: ld returned 1 exit status
make[1]: *** [CMakeFiles/cmTC_cf469.dir/build.make:87: cmTC_cf469] Error 1
make[1]: Leaving directory '/home/stud2020/0bardel/TDD/build/CMakeFiles/CMakeTmp'
make: *** [Makefile:121: cmTC_cf469/fast] Error 2


